#
# There is insufficient memory for the Java Runtime Environment to continue.
# Native memory allocation (mmap) failed to map 268435456 bytes for G1 virtual space
# Possible reasons:
#   The system is out of physical RAM or swap space
#   The process is running with CompressedOops enabled, and the Java Heap may be blocking the growth of the native heap
# Possible solutions:
#   Reduce memory load on the system
#   Increase physical memory or swap space
#   Check if swap backing store is full
#   Decrease Java heap size (-Xmx/-Xms)
#   Decrease number of Java threads
#   Decrease Java thread stack sizes (-Xss)
#   Set larger code cache with -XX:ReservedCodeCacheSize=
#   JVM is running with Zero Based Compressed Oops mode in which the Java heap is
#     placed in the first 32GB address space. The Java Heap base address is the
#     maximum limit for the native heap growth. Please use -XX:HeapBaseMinAddress
#     to set the Java Heap base and to place the Java Heap above 32GB virtual address.
# This output file may be truncated or incomplete.
#
#  Out of Memory Error (os_windows.cpp:3600), pid=2180, tid=17948
#
# JRE version:  (21.0.5+9) (build )
# Java VM: Java HotSpot(TM) 64-Bit Server VM (21.0.5+9-LTS-239, mixed mode, sharing, tiered, compressed oops, compressed class ptrs, g1 gc, windows-amd64)
# No core dump will be written. Minidumps are not enabled by default on client versions of Windows
#

---------------  S U M M A R Y ------------

Command Line: -Dnet.bytebuddy.agent.attacher.dump= net.bytebuddy.agent.Attacher com.sun.tools.attach.VirtualMachine 6732 C:\Users\ultra\.m2\repository\net\bytebuddy\byte-buddy-agent\1.15.10\byte-buddy-agent-1.15.10.jar false 

Host: Intel(R) Core(TM) i7-7600U CPU @ 2.80GHz, 4 cores, 15G,  Windows 10 , 64 bit Build 19041 (10.0.19041.5198)
Time: Mon Dec 16 23:23:00 2024 Maroc (heure d64 bit Build 19041 (10.0.19041.5198) elapsed time: 0.016387 seconds (0d 0h 0m 0s)

---------------  T H R E A D  ---------------

Current thread (0x00000238983cbba0):  JavaThread "Unknown thread" [_thread_in_vm, id=17948, stack(0x0000007e6ca00000,0x0000007e6cb00000) (1024K)]

Stack: [0x0000007e6ca00000,0x0000007e6cb00000]
Native frames: (J=compiled Java code, j=interpreted, Vv=VM code, C=native code)
V  [jvm.dll+0x6ca289]
V  [jvm.dll+0x854a51]
V  [jvm.dll+0x856f7e]
V  [jvm.dll+0x857653]
V  [jvm.dll+0x27dd26]
V  [jvm.dll+0x6c6a25]
V  [jvm.dll+0x6bb5aa]
V  [jvm.dll+0x35359a]
V  [jvm.dll+0x35b1f6]
V  [jvm.dll+0x3adade]
V  [jvm.dll+0x3add88]
V  [jvm.dll+0x3278fc]
V  [jvm.dll+0x32845b]
V  [jvm.dll+0x81de19]
V  [jvm.dll+0x3ba7c1]
V  [jvm.dll+0x807168]
V  [jvm.dll+0x44f96e]
V  [jvm.dll+0x451561]
C  [jli.dll+0x52a3]
C  [ucrtbase.dll+0x21bb2]
C  [KERNEL32.DLL+0x17374]
C  [ntdll.dll+0x4cc91]


---------------  P R O C E S S  ---------------

Threads class SMR info:
_java_thread_list=0x00007ff9a840ac08, length=0, elements={
}

Java Threads: ( => current thread )
Total: 0

Other Threads:
  0x000002389a5b1130 WorkerThread "GC Thread#0"                     [id=16152, stack(0x0000007e6cb00000,0x0000007e6cc00000) (1024K)]
  0x000002389a5c2730 ConcurrentGCThread "G1 Main Marker"            [id=1292, stack(0x0000007e6cc00000,0x0000007e6cd00000) (1024K)]
  0x000002389a5c3230 WorkerThread "G1 Conc#0"                       [id=15792, stack(0x0000007e6cd00000,0x0000007e6ce00000) (1024K)]

[error occurred during error reporting (printing all threads), id 0xc0000005, EXCEPTION_ACCESS_VIOLATION (0xc0000005) at pc=0x00007ff9a7b7a087]
VM state: not at safepoint (not fully initialized)

VM Mutex/Monitor currently owned by a thread:  ([mutex/lock_event])
[0x00007ff9a847bf98] Heap_lock - owner thread: 0x00000238983cbba0

Heap address: 0x0000000701e00000, size: 4066 MB, Compressed Oops mode: Zero based, Oop shift amount: 3

CDS archive(s) mapped at: [0x0000000000000000-0x0000000000000000-0x0000000000000000), size 0, SharedBaseAddress: 0x0000000800000000, ArchiveRelocationMode: 1.
Narrow klass base: 0x0000000000000000, Narrow klass shift: 0, Narrow klass range: 0x0

GC Precious Log:
 CardTable entry size: 512
 Card Set container configuration: InlinePtr #cards 4 size 8 Array Of Cards #cards 16 size 48 Howl #buckets 8 coarsen threshold 3686 Howl Bitmap #cards 512 size 80 coarsen threshold 460 Card regions per heap region 1 cards per card region 4096

Heap:
 garbage-first heap   total 0K, used 0K [0x0000000701e00000, 0x0000000800000000)
  region size 2048K, 0 young (0K), 0 survivors (0K)

[error occurred during error reporting (printing heap information), id 0xc0000005, EXCEPTION_ACCESS_VIOLATION (0xc0000005) at pc=0x00007ff9a7f63259]
GC Heap History (0 events):
No events

Dll operation events (1 events):
Event: 0.009 Loaded shared library C:\Users\ultra\Documents\jdk-21.0.5\bin\java.dll

Deoptimization events (0 events):
No events

Classes loaded (0 events):
No events

Classes unloaded (0 events):
No events

Classes redefined (0 events):
No events

Internal exceptions (0 events):
No events

ZGC Phase Switch (0 events):
No events

VM Operations (0 events):
No events

Events (0 events):
No events


Dynamic libraries:
0x00007ff7d7ce0000 - 0x00007ff7d7cf0000 	C:\Users\ultra\Documents\jdk-21.0.5\bin\java.exe
0x00007ffa26bf0000 - 0x00007ffa26de8000 	C:\Windows\SYSTEM32\ntdll.dll
0x00007ffa24dd0000 - 0x00007ffa24e92000 	C:\Windows\System32\KERNEL32.DLL
0x00007ffa24860000 - 0x00007ffa24b5e000 	C:\Windows\System32\KERNELBASE.dll
0x00007ffa24560000 - 0x00007ffa24660000 	C:\Windows\System32\ucrtbase.dll
0x00007ffa20cd0000 - 0x00007ffa20ce9000 	C:\Users\ultra\Documents\jdk-21.0.5\bin\jli.dll
0x00007ff9ec890000 - 0x00007ff9ec8ab000 	C:\Users\ultra\Documents\jdk-21.0.5\bin\VCRUNTIME140.dll
0x00007ffa258d0000 - 0x00007ffa25981000 	C:\Windows\System32\ADVAPI32.dll
0x00007ffa24c10000 - 0x00007ffa24cae000 	C:\Windows\System32\msvcrt.dll
0x00007ffa25820000 - 0x00007ffa258bf000 	C:\Windows\System32\sechost.dll
0x00007ffa25600000 - 0x00007ffa25723000 	C:\Windows\System32\RPCRT4.dll
0x00007ffa24660000 - 0x00007ffa24687000 	C:\Windows\System32\bcrypt.dll
0x00007ffa25990000 - 0x00007ffa25b2d000 	C:\Windows\System32\USER32.dll
0x00007ffa247a0000 - 0x00007ffa247c2000 	C:\Windows\System32\win32u.dll
0x00007ffa0e0b0000 - 0x00007ffa0e34a000 	C:\Windows\WinSxS\amd64_microsoft.windows.common-controls_6595b64144ccf1df_6.0.19041.4355_none_60b8b9eb71f62e16\COMCTL32.dll
0x00007ffa265e0000 - 0x00007ffa2660b000 	C:\Windows\System32\GDI32.dll
0x00007ffa24290000 - 0x00007ffa243a7000 	C:\Windows\System32\gdi32full.dll
0x00007ffa24700000 - 0x00007ffa2479d000 	C:\Windows\System32\msvcp_win.dll
0x00007ffa1e030000 - 0x00007ffa1e03a000 	C:\Windows\SYSTEM32\VERSION.dll
0x00007ffa26b80000 - 0x00007ffa26baf000 	C:\Windows\System32\IMM32.DLL
0x00007ffa00390000 - 0x00007ffa0039c000 	C:\Users\ultra\Documents\jdk-21.0.5\bin\vcruntime140_1.dll
0x00007ff9cd090000 - 0x00007ff9cd11e000 	C:\Users\ultra\Documents\jdk-21.0.5\bin\msvcp140.dll
0x00007ff9a7840000 - 0x00007ff9a8558000 	C:\Users\ultra\Documents\jdk-21.0.5\bin\server\jvm.dll
0x00007ffa25bf0000 - 0x00007ffa25c5b000 	C:\Windows\System32\WS2_32.dll
0x00007ffa240f0000 - 0x00007ffa2413b000 	C:\Windows\SYSTEM32\POWRPROF.dll
0x00007ffa0e350000 - 0x00007ffa0e377000 	C:\Windows\SYSTEM32\WINMM.dll
0x00007ffa240d0000 - 0x00007ffa240e2000 	C:\Windows\SYSTEM32\UMPDC.dll
0x00007ffa22a70000 - 0x00007ffa22a82000 	C:\Windows\SYSTEM32\kernel.appcore.dll
0x00007ff9ee820000 - 0x00007ff9ee82a000 	C:\Users\ultra\Documents\jdk-21.0.5\bin\jimage.dll
0x00007ffa19930000 - 0x00007ffa19b14000 	C:\Windows\SYSTEM32\DBGHELP.DLL
0x00007ffa0f080000 - 0x00007ffa0f0b4000 	C:\Windows\SYSTEM32\dbgcore.DLL
0x00007ffa247d0000 - 0x00007ffa24852000 	C:\Windows\System32\bcryptPrimitives.dll
0x00007ff9e5ff0000 - 0x00007ff9e600f000 	C:\Users\ultra\Documents\jdk-21.0.5\bin\java.dll

dbghelp: loaded successfully - version: 4.0.5 - missing functions: none
symbol engine: initialized successfully - sym options: 0x614 - pdb path: .;C:\Users\ultra\Documents\jdk-21.0.5\bin;C:\Windows\SYSTEM32;C:\Windows\WinSxS\amd64_microsoft.windows.common-controls_6595b64144ccf1df_6.0.19041.4355_none_60b8b9eb71f62e16;C:\Users\ultra\Documents\jdk-21.0.5\bin\server

VM Arguments:
jvm_args: -Dnet.bytebuddy.agent.attacher.dump= 
java_command: net.bytebuddy.agent.Attacher com.sun.tools.attach.VirtualMachine 6732 C:\Users\ultra\.m2\repository\net\bytebuddy\byte-buddy-agent\1.15.10\byte-buddy-agent-1.15.10.jar false 
java_class_path (initial): C:\Users\ultra\.m2\repository\net\bytebuddy\byte-buddy-agent\1.15.10\byte-buddy-agent-1.15.10.jar
Launcher Type: SUN_STANDARD

[Global flags]
     intx CICompilerCount                          = 3                                         {product} {ergonomic}
     uint ConcGCThreads                            = 1                                         {product} {ergonomic}
     uint G1ConcRefinementThreads                  = 4                                         {product} {ergonomic}
   size_t G1HeapRegionSize                         = 2097152                                   {product} {ergonomic}
    uintx GCDrainStackTargetSize                   = 64                                        {product} {ergonomic}
   size_t InitialHeapSize                          = 268435456                                 {product} {ergonomic}
   size_t MarkStackSize                            = 4194304                                   {product} {ergonomic}
   size_t MaxHeapSize                              = 4263510016                                {product} {ergonomic}
   size_t MinHeapDeltaBytes                        = 2097152                                   {product} {ergonomic}
   size_t MinHeapSize                              = 8388608                                   {product} {ergonomic}
    uintx NonNMethodCodeHeapSize                   = 5832780                                {pd product} {ergonomic}
    uintx NonProfiledCodeHeapSize                  = 122912730                              {pd product} {ergonomic}
    uintx ProfiledCodeHeapSize                     = 122912730                              {pd product} {ergonomic}
    uintx ReservedCodeCacheSize                    = 251658240                              {pd product} {ergonomic}
     bool SegmentedCodeCache                       = true                                      {product} {ergonomic}
   size_t SoftMaxHeapSize                          = 4263510016                             {manageable} {ergonomic}
     bool UseCompressedOops                        = true                           {product lp64_product} {ergonomic}
     bool UseG1GC                                  = true                                      {product} {ergonomic}
     bool UseLargePagesIndividualAllocation        = false                                  {pd product} {ergonomic}

Logging:
Log output configuration:
 #0: stdout all=warning uptime,level,tags foldmultilines=false
 #1: stderr all=off uptime,level,tags foldmultilines=false

Environment Variables:
JAVA_HOME=C:\Users\ultra\Documents\jdk-21.0.5
PATH=C:\Users\ultra\Desktop\S7\WINDOWS.X64_193000_db_home\bin;C:\Program Files (x86)\VMware\VMware Workstation\bin\;C:\Windows\system32;C:\Windows;C:\Windows\System32\Wbem;C:\Windows\System32\WindowsPowerShell\v1.0\;C:\Windows\System32\OpenSSH\;C:\Users\ultra\Documents\jdk-21.0.5\bin;C:\Program Files\nodejs\;C:\Program Files\Git\cmd;C:\Program Files\MongoDB\Server\7.0\bin;C:\mongosh-2.1.5-win32-x64\bin;C:\Program Files\MongoDB\mongodb-database-tools-windows-x86_64-100.9.4\bin;C:\Program Files\apache-maven-3.9.6-bin\apache-maven-3.9.6\bin;C:\Program Files\Docker\Docker\resources\bin;C:\minikube;C:\ab\Apache24\bin;C:\Program Files\Common Files\Oracle\Java\javapath;C:\Users\ultra\Documents\jdk-17.0.9\bin;C:\Program Files\Amazon\AWSCLIV2\;C:\Users\ultra\istio-1.24.0\bin;C:\Program Files\PuTTY\;C:\xampp\mysql\bin;C:\protoc-29.1-win64\bin;C:\Users\ultra\AppData\Roaming\Microsoft\Windows\Start Menu\Programs\Python 3.9;C:\Users\ultra\AppData\Local\Programs\Python\Python312\Scripts\;C:\Users\ultra\AppData\Local\Programs\Python\Python312\;C:\Users\ultra\AppData\Local\Programs\Python\Launcher\;C:\Program Files\MySQL\MySQL Shell 8.0\bin\;C:\Users\ultra\AppData\Local\Microsoft\WindowsApps;C:\Users\ultra\AppData\Local\Programs\Microsoft VS Code\bin;C:\antlr4\bin;C:\Program Files\Java\jdk-18.0.2.1\bin;C:\Program Files\JetBrains\IntelliJ IDEA 2022.3.2\bin;;C:\Users\ultra\AppData\Roaming\npm;C:\Users\ultra\AppData\Local\Programs\mongosh\;C:\Users\ultra\AppData\Local\Microsoft\WinGet\Packages\Helm.Helm_Microsoft.Winget.Source_8wekyb3d8bbwe\windows-amd64;C:\Users\ultra\istio-1.24.0\bin;C:\Users\ultra\.dotnet\tools
USERNAME=ultra
OS=Windows_NT
PROCESSOR_IDENTIFIER=Intel64 Family 6 Model 142 Stepping 9, GenuineIntel
TMP=C:\Users\ultra\AppData\Local\Temp
TEMP=C:\Users\ultra\AppData\Local\Temp




Periodic native trim disabled

---------------  S Y S T E M  ---------------

OS:
 Windows 10 , 64 bit Build 19041 (10.0.19041.5198)
OS uptime: 0 days 9:30 hours
Hyper-V role detected

CPU: total 4 (initial active 4) (2 cores per cpu, 2 threads per core) family 6 model 142 stepping 9 microcode 0xf6, cx8, cmov, fxsr, ht, mmx, 3dnowpref, sse, sse2, sse3, ssse3, sse4.1, sse4.2, popcnt, lzcnt, tsc, tscinvbit, avx, avx2, aes, erms, clmul, bmi1, bmi2, rtm, adx, fma, vzeroupper, clflush, clflushopt, hv, rdtscp, f16c
Processor Information for all 4 processors :
  Max Mhz: 2904, Current Mhz: 2803, Mhz Limit: 2787

Memory: 4k page, system-wide physical 16259M (1660M free)
TotalPageFile size 65411M (AvailPageFile size 78M)
current process WorkingSet (physical memory assigned to process): 10M, peak: 10M
current process commit charge ("private bytes"): 52M, peak: 307M

vm_info: Java HotSpot(TM) 64-Bit Server VM (21.0.5+9-LTS-239) for windows-amd64 JRE (21.0.5+9-LTS-239), built on 2024-09-30T05:17:38Z by "mach5one" with MS VC++ 17.6 (VS2022)

END.
